0 info it worked if it ends with ok
1 verbose cli [ 'node', '/usr/local/bin/npm', 'run', 'build' ]
2 info using npm@2.1.18
3 info using node@v0.10.35
4 verbose node symlink /usr/local/bin/node
5 verbose run-script [ 'prebuild', 'build', 'postbuild' ]
6 info prebuild tether-drop@1.3.0
7 info build tether-drop@1.3.0
8 verbose unsafe-perm in lifecycle true
9 info tether-drop@1.3.0 Failed to exec build script
10 verbose stack Error: tether-drop@1.3.0 build: `gulp build`
10 verbose stack Exit status 8
10 verbose stack     at EventEmitter.<anonymous> (/usr/local/lib/node_modules/npm/lib/utils/lifecycle.js:212:16)
10 verbose stack     at EventEmitter.emit (events.js:98:17)
10 verbose stack     at ChildProcess.<anonymous> (/usr/local/lib/node_modules/npm/lib/utils/spawn.js:14:12)
10 verbose stack     at ChildProcess.emit (events.js:98:17)
10 verbose stack     at maybeClose (child_process.js:766:16)
10 verbose stack     at Process.ChildProcess._handle.onexit (child_process.js:833:5)
11 verbose pkgid tether-drop@1.3.0
12 verbose cwd /Users/alexananiev/Dropbox/dev/_stuff/drop
13 error Darwin 14.5.0
14 error argv "node" "/usr/local/bin/npm" "run" "build"
15 error node v0.10.35
16 error npm  v2.1.18
17 error code ELIFECYCLE
18 error tether-drop@1.3.0 build: `gulp build`
18 error Exit status 8
19 error Failed at the tether-drop@1.3.0 build script 'gulp build'.
19 error This is most likely a problem with the tether-drop package,
19 error not with npm itself.
19 error Tell the author that this fails on your system:
19 error     gulp build
19 error You can get their info via:
19 error     npm owner ls tether-drop
19 error There is likely additional logging output above.
20 verbose exit [ 1, true ]
